\BOOKMARK [0][-]{label:frontpage.0}{Front page}{}% 1
\BOOKMARK [0][-]{label:titlepage_es.0}{Spanish title page}{}% 2
\BOOKMARK [0][-]{label:contents.0}{Contents}{}% 3
\BOOKMARK [0][-]{chapter.1}{1 Introducci\363n}{}% 4
\BOOKMARK [1][-]{section.1.1}{1.1 NFC}{chapter.1}% 5
\BOOKMARK [1][-]{section.1.2}{1.2 Usos}{chapter.1}% 6
\BOOKMARK [2][-]{subsection.1.2.1}{1.2.1 Transferir fotos, v\355deo o m\372sica}{section.1.2}% 7
\BOOKMARK [2][-]{subsection.1.2.2}{1.2.2 Identificaci\363n y control del coche}{section.1.2}% 8
\BOOKMARK [2][-]{subsection.1.2.3}{1.2.3 Cajeros autom\341ticos 2.0}{section.1.2}% 9
\BOOKMARK [2][-]{subsection.1.2.4}{1.2.4 Compras m\341s all\341 de los c\363digos QR}{section.1.2}% 10
\BOOKMARK [2][-]{subsection.1.2.5}{1.2.5 Identificaci\363n en eventos}{section.1.2}% 11
\BOOKMARK [2][-]{subsection.1.2.6}{1.2.6 Pagos m\363viles}{section.1.2}% 12
\BOOKMARK [2][-]{subsection.1.2.7}{1.2.7 Etiquetas NFC}{section.1.2}% 13
\BOOKMARK [0][-]{chapter.2}{2 Seguridad en NFC}{}% 14
\BOOKMARK [1][-]{section.2.1}{2.1 Justificaci\363n}{chapter.2}% 15
\BOOKMARK [1][-]{section.2.2}{2.2 Amenazas}{chapter.2}% 16
\BOOKMARK [2][-]{subsection.2.2.1}{2.2.1 Eavesdropping}{section.2.2}% 17
\BOOKMARK [2][-]{subsection.2.2.2}{2.2.2 Skimming}{section.2.2}% 18
\BOOKMARK [2][-]{subsection.2.2.3}{2.2.3 Denial of Service}{section.2.2}% 19
\BOOKMARK [2][-]{subsection.2.2.4}{2.2.4 Modificaci\363n de datos}{section.2.2}% 20
\BOOKMARK [2][-]{subsection.2.2.5}{2.2.5 Inserci\363n de datos}{section.2.2}% 21
\BOOKMARK [2][-]{subsection.2.2.6}{2.2.6 Man-in-the-middle}{section.2.2}% 22
\BOOKMARK [0][-]{chapter.3}{3 Nuestra aproximaci\363n a la vulnerabilidad}{}% 23
\BOOKMARK [1][-]{section.3.1}{3.1 Smartphones Android}{chapter.3}% 24
\BOOKMARK [2][-]{subsection.3.1.1}{3.1.1 Aplicaci\363n Android}{section.3.1}% 25
\BOOKMARK [2][-]{subsection.3.1.2}{3.1.2 Problemas}{section.3.1}% 26
\BOOKMARK [1][-]{section.3.2}{3.2 Microcontroladores}{chapter.3}% 27
\BOOKMARK [2][-]{subsection.3.2.1}{3.2.1 Opci\363n PROXMARK III}{section.3.2}% 28
\BOOKMARK [2][-]{subsection.3.2.2}{3.2.2 Conclusi\363n}{section.3.2}% 29
\BOOKMARK [0][-]{chapter.4}{4 Conclusi\363n}{}% 30
